mode: set
github.com/baemestrada-source/falabella/handlers/searchBeers.go:9.59,15.2 3 1
github.com/baemestrada-source/falabella/handlers/addBeers.go:10.57,15.19 3 1
github.com/baemestrada-source/falabella/handlers/addBeers.go:15.19,16.45 1 1
github.com/baemestrada-source/falabella/handlers/addBeers.go:23.7,28.50 4 1
github.com/baemestrada-source/falabella/handlers/addBeers.go:16.45,17.31 1 1
github.com/baemestrada-source/falabella/handlers/addBeers.go:17.31,20.10 2 1
github.com/baemestrada-source/falabella/handlers/addBeers.go:30.13,33.6 1 1
github.com/baemestrada-source/falabella/handlers/boxBeerPriceById.go:13.66,21.19 5 1
github.com/baemestrada-source/falabella/handlers/boxBeerPriceById.go:26.5,27.19 2 1
github.com/baemestrada-source/falabella/handlers/boxBeerPriceById.go:80.5,80.71 1 0
github.com/baemestrada-source/falabella/handlers/boxBeerPriceById.go:21.19,23.6 1 0
github.com/baemestrada-source/falabella/handlers/boxBeerPriceById.go:27.19,28.47 1 1
github.com/baemestrada-source/falabella/handlers/boxBeerPriceById.go:28.47,29.34 1 1
github.com/baemestrada-source/falabella/handlers/boxBeerPriceById.go:29.34,32.29 2 1
github.com/baemestrada-source/falabella/handlers/boxBeerPriceById.go:37.15,38.29 2 1
github.com/baemestrada-source/falabella/handlers/boxBeerPriceById.go:45.15,48.41 3 1
github.com/baemestrada-source/falabella/handlers/boxBeerPriceById.go:76.15,76.21 1 1
github.com/baemestrada-source/falabella/handlers/boxBeerPriceById.go:32.29,35.16 2 0
github.com/baemestrada-source/falabella/handlers/boxBeerPriceById.go:38.29,41.16 2 0
github.com/baemestrada-source/falabella/handlers/boxBeerPriceById.go:48.41,49.57 1 1
github.com/baemestrada-source/falabella/handlers/boxBeerPriceById.go:60.17,73.52 6 1
github.com/baemestrada-source/falabella/handlers/boxBeerPriceById.go:49.57,51.43 1 1
github.com/baemestrada-source/falabella/handlers/boxBeerPriceById.go:55.21,55.48 1 1
github.com/baemestrada-source/falabella/handlers/boxBeerPriceById.go:51.43,53.22 1 1
github.com/baemestrada-source/falabella/handlers/boxBeerPriceById.go:55.48,57.22 1 1
github.com/baemestrada-source/falabella/handlers/searchBeerById.go:12.62,19.19 3 1
github.com/baemestrada-source/falabella/handlers/searchBeerById.go:30.5,30.71 1 1
github.com/baemestrada-source/falabella/handlers/searchBeerById.go:19.19,20.47 1 1
github.com/baemestrada-source/falabella/handlers/searchBeerById.go:20.47,21.34 1 1
github.com/baemestrada-source/falabella/handlers/searchBeerById.go:21.34,27.14 4 1
